Determining if the pthread_create exist failed with the following output:
Change Dir: /home/robot/catkin_ws/build/CMakeFiles/CMakeTmp

Run Build Command:"/usr/bin/make" "cmTC_05701/fast"
/usr/bin/make -f CMakeFiles/cmTC_05701.dir/build.make CMakeFiles/cmTC_05701.dir/build
make[1]: 进入目录“/home/robot/catkin_ws/build/CMakeFiles/CMakeTmp”
Building C object CMakeFiles/cmTC_05701.dir/CheckSymbolExists.c.o
/usr/bin/cc    -o CMakeFiles/cmTC_05701.dir/CheckSymbolExists.c.o   -c /home/robot/catkin_ws/build/CMakeFiles/CMakeTmp/CheckSymbolExists.c
Linking C executable cmTC_05701
/usr/bin/cmake -E cmake_link_script CMakeFiles/cmTC_05701.dir/link.txt --verbose=1
/usr/bin/cc      -rdynamic CMakeFiles/cmTC_05701.dir/CheckSymbolExists.c.o  -o cmTC_05701 
CMakeFiles/cmTC_05701.dir/CheckSymbolExists.c.o：在函数‘main’中：
CheckSymbolExists.c:(.text+0x1b)：对‘pthread_create’未定义的引用
collect2: error: ld returned 1 exit status
CMakeFiles/cmTC_05701.dir/build.make:97: recipe for target 'cmTC_05701' failed
make[1]: *** [cmTC_05701] Error 1
make[1]: 离开目录“/home/robot/catkin_ws/build/CMakeFiles/CMakeTmp”
Makefile:126: recipe for target 'cmTC_05701/fast' failed
make: *** [cmTC_05701/fast] Error 2

File /home/robot/catkin_ws/build/CMakeFiles/CMakeTmp/CheckSymbolExists.c:
/* */
#include <pthread.h>

int main(int argc, char** argv)
{
  (void)argv;
#ifndef pthread_create
  return ((int*)(&pthread_create))[argc];
#else
  (void)argc;
  return 0;
#endif
}

Determining if the function pthread_create exists in the pthreads failed with the following output:
Change Dir: /home/robot/catkin_ws/build/CMakeFiles/CMakeTmp

Run Build Command:"/usr/bin/make" "cmTC_eeac3/fast"
/usr/bin/make -f CMakeFiles/cmTC_eeac3.dir/build.make CMakeFiles/cmTC_eeac3.dir/build
make[1]: 进入目录“/home/robot/catkin_ws/build/CMakeFiles/CMakeTmp”
Building C object CMakeFiles/cmTC_eeac3.dir/CheckFunctionExists.c.o
/usr/bin/cc   -DCHECK_FUNCTION_EXISTS=pthread_create   -o CMakeFiles/cmTC_eeac3.dir/CheckFunctionExists.c.o   -c /usr/share/cmake-3.10/Modules/CheckFunctionExists.c
Linking C executable cmTC_eeac3
/usr/bin/cmake -E cmake_link_script CMakeFiles/cmTC_eeac3.dir/link.txt --verbose=1
/usr/bin/cc  -DCHECK_FUNCTION_EXISTS=pthread_create    -rdynamic CMakeFiles/cmTC_eeac3.dir/CheckFunctionExists.c.o  -o cmTC_eeac3 -lpthreads 
/usr/bin/ld: 找不到 -lpthreads
collect2: error: ld returned 1 exit status
CMakeFiles/cmTC_eeac3.dir/build.make:97: recipe for target 'cmTC_eeac3' failed
make[1]: *** [cmTC_eeac3] Error 1
make[1]: 离开目录“/home/robot/catkin_ws/build/CMakeFiles/CMakeTmp”
Makefile:126: recipe for target 'cmTC_eeac3/fast' failed
make: *** [cmTC_eeac3/fast] Error 2


Determining if the CL_VERSION_2_0 exist failed with the following output:
Change Dir: /home/robot/catkin_ws/build/CMakeFiles/CMakeTmp

Run Build Command:"/usr/bin/make" "cmTC_0bb03/fast"
/usr/bin/make -f CMakeFiles/cmTC_0bb03.dir/build.make CMakeFiles/cmTC_0bb03.dir/build
make[1]: 进入目录“/home/robot/catkin_ws/build/CMakeFiles/CMakeTmp”
Building C object CMakeFiles/cmTC_0bb03.dir/CheckSymbolExists.c.o
/usr/bin/cc    -o CMakeFiles/cmTC_0bb03.dir/CheckSymbolExists.c.o   -c /home/robot/catkin_ws/build/CMakeFiles/CMakeTmp/CheckSymbolExists.c
/home/robot/catkin_ws/build/CMakeFiles/CMakeTmp/CheckSymbolExists.c:2:10: fatal error: OpenCL_INCLUDE_DIR-NOTFOUND/CL/cl.h: 没有那个文件或目录
 #include <OpenCL_INCLUDE_DIR-NOTFOUND/CL/cl.h>
          ^~~~~~~~~~~~~~~~~~~~~~~~~~~~~~~~~~~~~
compilation terminated.
CMakeFiles/cmTC_0bb03.dir/build.make:65: recipe for target 'CMakeFiles/cmTC_0bb03.dir/CheckSymbolExists.c.o' failed
make[1]: *** [CMakeFiles/cmTC_0bb03.dir/CheckSymbolExists.c.o] Error 1
make[1]: 离开目录“/home/robot/catkin_ws/build/CMakeFiles/CMakeTmp”
Makefile:126: recipe for target 'cmTC_0bb03/fast' failed
make: *** [cmTC_0bb03/fast] Error 2

File /home/robot/catkin_ws/build/CMakeFiles/CMakeTmp/CheckSymbolExists.c:
/* */
#include <OpenCL_INCLUDE_DIR-NOTFOUND/CL/cl.h>

int main(int argc, char** argv)
{
  (void)argv;
#ifndef CL_VERSION_2_0
  return ((int*)(&CL_VERSION_2_0))[argc];
#else
  (void)argc;
  return 0;
#endif
}

Determining if the CL_VERSION_1_2 exist failed with the following output:
Change Dir: /home/robot/catkin_ws/build/CMakeFiles/CMakeTmp

Run Build Command:"/usr/bin/make" "cmTC_d5aa7/fast"
/usr/bin/make -f CMakeFiles/cmTC_d5aa7.dir/build.make CMakeFiles/cmTC_d5aa7.dir/build
make[1]: 进入目录“/home/robot/catkin_ws/build/CMakeFiles/CMakeTmp”
Building C object CMakeFiles/cmTC_d5aa7.dir/CheckSymbolExists.c.o
/usr/bin/cc    -o CMakeFiles/cmTC_d5aa7.dir/CheckSymbolExists.c.o   -c /home/robot/catkin_ws/build/CMakeFiles/CMakeTmp/CheckSymbolExists.c
/home/robot/catkin_ws/build/CMakeFiles/CMakeTmp/CheckSymbolExists.c:2:10: fatal error: OpenCL_INCLUDE_DIR-NOTFOUND/CL/cl.h: 没有那个文件或目录
 #include <OpenCL_INCLUDE_DIR-NOTFOUND/CL/cl.h>
          ^~~~~~~~~~~~~~~~~~~~~~~~~~~~~~~~~~~~~
compilation terminated.
CMakeFiles/cmTC_d5aa7.dir/build.make:65: recipe for target 'CMakeFiles/cmTC_d5aa7.dir/CheckSymbolExists.c.o' failed
make[1]: *** [CMakeFiles/cmTC_d5aa7.dir/CheckSymbolExists.c.o] Error 1
make[1]: 离开目录“/home/robot/catkin_ws/build/CMakeFiles/CMakeTmp”
Makefile:126: recipe for target 'cmTC_d5aa7/fast' failed
make: *** [cmTC_d5aa7/fast] Error 2

File /home/robot/catkin_ws/build/CMakeFiles/CMakeTmp/CheckSymbolExists.c:
/* */
#include <OpenCL_INCLUDE_DIR-NOTFOUND/CL/cl.h>

int main(int argc, char** argv)
{
  (void)argv;
#ifndef CL_VERSION_1_2
  return ((int*)(&CL_VERSION_1_2))[argc];
#else
  (void)argc;
  return 0;
#endif
}

Determining if the CL_VERSION_1_1 exist failed with the following output:
Change Dir: /home/robot/catkin_ws/build/CMakeFiles/CMakeTmp

Run Build Command:"/usr/bin/make" "cmTC_c6d3e/fast"
/usr/bin/make -f CMakeFiles/cmTC_c6d3e.dir/build.make CMakeFiles/cmTC_c6d3e.dir/build
make[1]: 进入目录“/home/robot/catkin_ws/build/CMakeFiles/CMakeTmp”
Building C object CMakeFiles/cmTC_c6d3e.dir/CheckSymbolExists.c.o
/usr/bin/cc    -o CMakeFiles/cmTC_c6d3e.dir/CheckSymbolExists.c.o   -c /home/robot/catkin_ws/build/CMakeFiles/CMakeTmp/CheckSymbolExists.c
/home/robot/catkin_ws/build/CMakeFiles/CMakeTmp/CheckSymbolExists.c:2:10: fatal error: OpenCL_INCLUDE_DIR-NOTFOUND/CL/cl.h: 没有那个文件或目录
 #include <OpenCL_INCLUDE_DIR-NOTFOUND/CL/cl.h>
          ^~~~~~~~~~~~~~~~~~~~~~~~~~~~~~~~~~~~~
compilation terminated.
CMakeFiles/cmTC_c6d3e.dir/build.make:65: recipe for target 'CMakeFiles/cmTC_c6d3e.dir/CheckSymbolExists.c.o' failed
make[1]: *** [CMakeFiles/cmTC_c6d3e.dir/CheckSymbolExists.c.o] Error 1
make[1]: 离开目录“/home/robot/catkin_ws/build/CMakeFiles/CMakeTmp”
Makefile:126: recipe for target 'cmTC_c6d3e/fast' failed
make: *** [cmTC_c6d3e/fast] Error 2

File /home/robot/catkin_ws/build/CMakeFiles/CMakeTmp/CheckSymbolExists.c:
/* */
#include <OpenCL_INCLUDE_DIR-NOTFOUND/CL/cl.h>

int main(int argc, char** argv)
{
  (void)argv;
#ifndef CL_VERSION_1_1
  return ((int*)(&CL_VERSION_1_1))[argc];
#else
  (void)argc;
  return 0;
#endif
}

Determining if the CL_VERSION_1_0 exist failed with the following output:
Change Dir: /home/robot/catkin_ws/build/CMakeFiles/CMakeTmp

Run Build Command:"/usr/bin/make" "cmTC_c5d70/fast"
/usr/bin/make -f CMakeFiles/cmTC_c5d70.dir/build.make CMakeFiles/cmTC_c5d70.dir/build
make[1]: 进入目录“/home/robot/catkin_ws/build/CMakeFiles/CMakeTmp”
Building C object CMakeFiles/cmTC_c5d70.dir/CheckSymbolExists.c.o
/usr/bin/cc    -o CMakeFiles/cmTC_c5d70.dir/CheckSymbolExists.c.o   -c /home/robot/catkin_ws/build/CMakeFiles/CMakeTmp/CheckSymbolExists.c
/home/robot/catkin_ws/build/CMakeFiles/CMakeTmp/CheckSymbolExists.c:2:10: fatal error: OpenCL_INCLUDE_DIR-NOTFOUND/CL/cl.h: 没有那个文件或目录
 #include <OpenCL_INCLUDE_DIR-NOTFOUND/CL/cl.h>
          ^~~~~~~~~~~~~~~~~~~~~~~~~~~~~~~~~~~~~
compilation terminated.
CMakeFiles/cmTC_c5d70.dir/build.make:65: recipe for target 'CMakeFiles/cmTC_c5d70.dir/CheckSymbolExists.c.o' failed
make[1]: *** [CMakeFiles/cmTC_c5d70.dir/CheckSymbolExists.c.o] Error 1
make[1]: 离开目录“/home/robot/catkin_ws/build/CMakeFiles/CMakeTmp”
Makefile:126: recipe for target 'cmTC_c5d70/fast' failed
make: *** [cmTC_c5d70/fast] Error 2

File /home/robot/catkin_ws/build/CMakeFiles/CMakeTmp/CheckSymbolExists.c:
/* */
#include <OpenCL_INCLUDE_DIR-NOTFOUND/CL/cl.h>

int main(int argc, char** argv)
{
  (void)argv;
#ifndef CL_VERSION_1_0
  return ((int*)(&CL_VERSION_1_0))[argc];
#else
  (void)argc;
  return 0;
#endif
}

